<?xml version="1.0" encoding="UTF-8"?>
<testsuite name="models.UserTest" tests="3" skipped="0" failures="0" errors="0" timestamp="2022-08-31T04:00:32" hostname="jinseoncBookAir" time="0.002">
  <properties/>
  <testcase name="count()" classname="models.UserTest" time="0.001"/>
  <testcase name="selectGender()" classname="models.UserTest" time="0.0"/>
  <testcase name="creation()" classname="models.UserTest" time="0.001"/>
  <system-out><![CDATA[]]></system-out>
  <system-err><![CDATA[]]></system-err>
</testsuite>
