<?xml version="1.0" encoding="UTF-8"?>
<testsuite name="models.DailyPlanTest" tests="2" skipped="0" failures="0" errors="0" timestamp="2022-08-31T04:00:32" hostname="jinseoncBookAir" time="0.011">
  <properties/>
  <testcase name="delete()" classname="models.DailyPlanTest" time="0.01"/>
  <testcase name="Creation()" classname="models.DailyPlanTest" time="0.001"/>
  <system-out><![CDATA[]]></system-out>
  <system-err><![CDATA[]]></system-err>
</testsuite>
