<?xml version="1.0" encoding="UTF-8"?>
<testsuite name="models.ExerciseCycleTest" tests="1" skipped="0" failures="0" errors="0" timestamp="2022-08-30T09:58:09" hostname="jinseoncBookAir" time="0.0">
  <properties/>
  <testcase name="Creation()" classname="models.ExerciseCycleTest" time="0.0"/>
  <system-out><![CDATA[]]></system-out>
  <system-err><![CDATA[]]></system-err>
</testsuite>
