<?xml version="1.0" encoding="UTF-8"?>
<testsuite name="models.ExerciseCycleTest" tests="3" skipped="0" failures="0" errors="0" timestamp="2022-09-02T04:53:26" hostname="jinseoncBookAir" time="0.003">
  <properties/>
  <testcase name="deleted()" classname="models.ExerciseCycleTest" time="0.0"/>
  <testcase name="Creation()" classname="models.ExerciseCycleTest" time="0.0"/>
  <testcase name="toCsvRow()" classname="models.ExerciseCycleTest" time="0.002"/>
  <system-out><![CDATA[]]></system-out>
  <system-err><![CDATA[]]></system-err>
</testsuite>
