<?xml version="1.0" encoding="UTF-8"?>
<testsuite name="models.UserTest" tests="2" skipped="0" failures="0" errors="0" timestamp="2022-08-30T09:58:09" hostname="jinseoncBookAir" time="0.001">
  <properties/>
  <testcase name="selectGender()" classname="models.UserTest" time="0.001"/>
  <testcase name="creation()" classname="models.UserTest" time="0.0"/>
  <system-out><![CDATA[]]></system-out>
  <system-err><![CDATA[]]></system-err>
</testsuite>
