<?xml version="1.0" encoding="UTF-8"?>
<testsuite name="models.PostTest" tests="6" skipped="0" failures="0" errors="0" timestamp="2022-09-02T04:53:26" hostname="jinseoncBookAir" time="0.004">
  <properties/>
  <testcase name="updateTitle()" classname="models.PostTest" time="0.0"/>
  <testcase name="updatedText()" classname="models.PostTest" time="0.0"/>
  <testcase name="updateUserName()" classname="models.PostTest" time="0.0"/>
  <testcase name="deleted()" classname="models.PostTest" time="0.001"/>
  <testcase name="creation()" classname="models.PostTest" time="0.0"/>
  <testcase name="toCsvRow()" classname="models.PostTest" time="0.003"/>
  <system-out><![CDATA[]]></system-out>
  <system-err><![CDATA[]]></system-err>
</testsuite>
