<?xml version="1.0" encoding="UTF-8"?>
<testsuite name="models.DailyPlanTest" tests="4" skipped="0" failures="0" errors="0" timestamp="2022-09-02T04:53:26" hostname="jinseoncBookAir" time="0.002">
  <properties/>
  <testcase name="updateDay()" classname="models.DailyPlanTest" time="0.001"/>
  <testcase name="delete()" classname="models.DailyPlanTest" time="0.0"/>
  <testcase name="updateStatus()" classname="models.DailyPlanTest" time="0.0"/>
  <testcase name="Creation()" classname="models.DailyPlanTest" time="0.0"/>
  <system-out><![CDATA[]]></system-out>
  <system-err><![CDATA[]]></system-err>
</testsuite>
